<?xml version="1.0" encoding="UTF-8"?>
<!-- Generated by org.testng.reporters.JUnitReportReporter -->
<testsuite hostname="FFE-AshaRani-FFE127" failures="0" tests="1" name="com.actitime.testscript.CustomerModule" time="0.022" errors="0" timestamp="2024-09-01T10:42:24 IST" skipped="0">
  <testcase classname="com.actitime.testscript.CustomerModule" name="mod1" time="0.022">
    <system-out>
      <![CDATA[Create Module]]>
    </system-out>
  </testcase> <!-- mod1 -->
  <system-out>
    <![CDATA[Create Module]]>
  </system-out>
</testsuite> <!-- com.actitime.testscript.CustomerModule -->
